<?xml version="1.0" encoding="UTF-8"?>
<!-- Generated by org.testng.reporters.JUnitXMLReporter -->
<testsuite ignored="0" hostname="Jain" failures="0" tests="4" name="Test" time="0.07" errors="0" timestamp="2020-05-25T23:27:08 IST">
  <testcase classname="qaclickacademy.MavenJava.SeleniumTest" name="browserAutomation" time="0.015"/>
  <testcase classname="qaclickacademy.MavenJava.SeleniumTest" name="elementsUI" time="0.002"/>
  <testcase classname="qaclickacademy.MavenJava.AppiumTest" name="AndriodApp" time="0.001"/>
  <testcase classname="qaclickacademy.MavenJava.AppiumTest" name="iosApps" time="0.002"/>
</testsuite> <!-- Test -->
