<?xml version="1.0" encoding="UTF-8"?>
<testng-results ignored="0" total="2" passed="2" failed="0" skipped="0">
  <reporter-output>
  </reporter-output>
  <suite started-at="2020-05-27T11:50:19 IST" name="Default suite" finished-at="2020-05-27T11:50:19 IST" duration-ms="78">
    <groups>
    </groups>
    <test started-at="2020-05-27T11:50:19 IST" name="Default test" finished-at="2020-05-27T11:50:19 IST" duration-ms="78">
      <class name="qaclickacademy.MavenJava.AppiumTest">
        <test-method signature="AndriodApp()[pri:0, instance:qaclickacademy.MavenJava.AppiumTest@769e7ee8]" started-at="2020-05-27T11:50:19 IST" name="AndriodApp" finished-at="2020-05-27T11:50:19 IST" duration-ms="19" status="PASS">
          <reporter-output>
          </reporter-output>
        </test-method> <!-- AndriodApp -->
        <test-method signature="iosApps()[pri:0, instance:qaclickacademy.MavenJava.AppiumTest@769e7ee8]" started-at="2020-05-27T11:50:19 IST" name="iosApps" finished-at="2020-05-27T11:50:19 IST" duration-ms="2" status="PASS">
          <reporter-output>
          </reporter-output>
        </test-method> <!-- iosApps -->
      </class> <!-- qaclickacademy.MavenJava.AppiumTest -->
    </test> <!-- Default test -->
  </suite> <!-- Default suite -->
</testng-results>
